{
  "RSpec": {
    "coverage": {
      "/root/book-collection-2-ethan2004g/book_collection/spec/controllers/book_controller_spec.rb": {
        "lines": [
          1,
          null,
          1,
          1,
          null,
          7,
          null,
          null,
          null,
          null,
          null,
          null,
          1,
          null,
          1,
          null,
          null,
          null,
          null,
          null,
          null,
          1,
          1,
          1,
          2,
          1,
          1,
          null,
          null,
          1,
          1,
          1,
          null,
          1,
          1,
          1,
          1,
          null,
          null,
          null,
          1,
          1,
          2,
          1,
          1,
          null,
          null,
          1,
          1,
          2,
          1,
          1,
          null,
          null,
          1,
          2,
          null,
          null,
          1,
          2,
          null,
          null,
          null,
          null,
          1,
          2,
          null,
          1,
          1,
          null,
          1,
          1,
          null,
          1,
          1,
          1,
          1,
          1,
          1,
          null,
          null,
          null,
          1,
          2,
          1,
          2,
          1,
          1,
          null,
          null,
          null,
          null,
          null
        ]
      },
      "/root/book-collection-2-ethan2004g/book_collection/spec/rails_helper.rb": {
        "lines": [
          null,
          1,
          1,
          1,
          null,
          1,
          null,
          null,
          null,
          1,
          null,
          null,
          null,
          null,
          null,
          null,
          null,
          null,
          null,
          null,
          null,
          null,
          null,
          null,
          null,
          null,
          null,
          null,
          null,
          null,
          1,
          null,
          0,
          null,
          1,
          null,
          1,
          null,
          null,
          null,
          null,
          1,
          null,
          null,
          null,
          null,
          null,
          null,
          null,
          null,
          null,
          null,
          null,
          null,
          null,
          null,
          null,
          null,
          null,
          1,
          null,
          null,
          1,
          null,
          null,
          null,
          null,
          1,
          1,
          1,
          1,
          null,
          null
        ]
      },
      "/root/book-collection-2-ethan2004g/book_collection/config/environment.rb": {
        "lines": [
          null,
          1,
          null,
          null,
          1
        ]
      },
      "/root/book-collection-2-ethan2004g/book_collection/config/application.rb": {
        "lines": [
          1,
          null,
          1,
          null,
          null,
          null,
          1,
          null,
          1,
          1,
          null,
          1,
          null,
          null,
          null,
          null,
          null,
          null,
          null,
          null,
          null,
          null
        ]
      },
      "/root/book-collection-2-ethan2004g/book_collection/config/boot.rb": {
        "lines": [
          1,
          null,
          1,
          1
        ]
      },
      "/root/book-collection-2-ethan2004g/book_collection/config/environments/test.rb": {
        "lines": [
          1,
          null,
          null,
          null,
          null,
          null,
          null,
          1,
          null,
          null,
          null,
          1,
          null,
          null,
          null,
          null,
          1,
          null,
          null,
          1,
          1,
          null,
          null,
          null,
          null,
          1,
          1,
          1,
          null,
          null,
          1,
          null,
          null,
          1,
          null,
          null,
          1,
          null,
          1,
          null,
          null,
          null,
          null,
          1,
          null,
          null,
          1,
          null,
          null,
          1,
          null,
          null,
          1,
          null,
          null,
          null,
          null,
          null,
          null,
          null
        ]
      },
      "/root/book-collection-2-ethan2004g/book_collection/config/initializers/assets.rb": {
        "lines": [
          null,
          null,
          null,
          1,
          null,
          null,
          null,
          null,
          null,
          null,
          null,
          null
        ]
      },
      "/root/book-collection-2-ethan2004g/book_collection/config/initializers/content_security_policy.rb": {
        "lines": [
          null,
          null,
          null,
          null,
          null,
          null,
          null,
          null,
          null,
          null,
          null,
          null,
          null,
          null,
          null,
          null,
          null,
          null,
          null,
          null,
          null,
          null,
          null,
          null,
          null
        ]
      },
      "/root/book-collection-2-ethan2004g/book_collection/config/initializers/filter_parameter_logging.rb": {
        "lines": [
          null,
          null,
          null,
          null,
          null,
          1,
          null,
          null
        ]
      },
      "/root/book-collection-2-ethan2004g/book_collection/config/initializers/inflections.rb": {
        "lines": [
          null,
          null,
          null,
          null,
          null,
          null,
          null,
          null,
          null,
          null,
          null,
          null,
          null,
          null,
          null,
          null
        ]
      },
      "/root/book-collection-2-ethan2004g/book_collection/config/initializers/permissions_policy.rb": {
        "lines": [
          null,
          null,
          null,
          null,
          null,
          null,
          null,
          null,
          null,
          null,
          null
        ]
      },
      "/root/book-collection-2-ethan2004g/book_collection/config/routes.rb": {
        "lines": [
          1,
          1,
          1,
          1,
          1,
          1,
          1,
          1,
          1,
          1,
          1,
          null,
          null
        ]
      },
      "/root/book-collection-2-ethan2004g/book_collection/app/helpers/application_helper.rb": {
        "lines": [
          1,
          null
        ]
      },
      "/root/book-collection-2-ethan2004g/book_collection/app/helpers/books_helper.rb": {
        "lines": [
          1,
          null
        ]
      },
      "/root/book-collection-2-ethan2004g/book_collection/app/controllers/books_controller.rb": {
        "lines": [
          1,
          1,
          1,
          null,
          1,
          0,
          null,
          0,
          null,
          null,
          1,
          0,
          0,
          0,
          null,
          0,
          0,
          null,
          null,
          0,
          0,
          null,
          null,
          1,
          0,
          null,
          null,
          1,
          6,
          null,
          null,
          6,
          1,
          1,
          1,
          null,
          null,
          5,
          2,
          2,
          null,
          3,
          3,
          null,
          null,
          null,
          1,
          0,
          null,
          null,
          1,
          null,
          1,
          0,
          0,
          0,
          null,
          null,
          1,
          1,
          1,
          null,
          0,
          null,
          null,
          null,
          1,
          0,
          0,
          null,
          null,
          1,
          1,
          1,
          1,
          1,
          1,
          null,
          0,
          0,
          null,
          null,
          null,
          1,
          null,
          1,
          2,
          2,
          null,
          null,
          1,
          14,
          null,
          null,
          1,
          7,
          7,
          null,
          null,
          7,
          7,
          null,
          null,
          7,
          null,
          6,
          6,
          null,
          0,
          null,
          null,
          null,
          null,
          7,
          null,
          6,
          1,
          1,
          null,
          null,
          null,
          null
        ]
      },
      "/root/book-collection-2-ethan2004g/book_collection/app/controllers/application_controller.rb": {
        "lines": [
          1,
          null
        ]
      },
      "/root/book-collection-2-ethan2004g/book_collection/spec/models/book_spec.rb": {
        "lines": [
          1,
          null,
          1,
          1,
          8,
          null,
          1,
          1,
          null,
          null,
          1,
          1,
          1,
          1,
          null,
          null,
          1,
          1,
          1,
          1,
          null,
          null,
          1,
          1,
          1,
          1,
          null,
          null,
          1,
          1,
          1,
          1,
          null,
          null,
          1,
          1,
          1,
          1,
          null,
          null,
          1,
          1,
          1,
          1,
          null,
          null,
          null
        ]
      },
      "/root/book-collection-2-ethan2004g/book_collection/app/models/book.rb": {
        "lines": [
          1,
          1,
          1,
          1,
          1,
          null
        ]
      },
      "/root/book-collection-2-ethan2004g/book_collection/app/models/application_record.rb": {
        "lines": [
          1,
          1,
          null
        ]
      }
    },
    "timestamp": 1738350676
  }
}
